e:\4 курс\системное программирование\consoleapplication1(2 часть)\consoleapplication1(2 часть)\x64\debug\vc143.pdb
e:\4 курс\системное программирование\consoleapplication1(2 часть)\consoleapplication1(2 часть)\x64\debug\vc143.idb
e:\4 курс\системное программирование\consoleapplication1(2 часть)\consoleapplication1(2 часть)\x64\debug\vehicle.obj
e:\4 курс\системное программирование\consoleapplication1(2 часть)\consoleapplication1(2 часть)\x64\debug\plant.obj
e:\4 курс\системное программирование\consoleapplication1(2 часть)\consoleapplication1(2 часть)\x64\debug\equipment.obj
e:\4 курс\системное программирование\consoleapplication1(2 часть)\consoleapplication1(2 часть)\x64\debug\consoleapplication1(2 часть).obj
e:\4 курс\системное программирование\consoleapplication1(2 часть)\consoleapplication1(2 часть)\x64\debug\building.obj
e:\4 курс\системное программирование\consoleapplication1(2 часть)\consoleapplication1(2 часть)\x64\debug\animal.obj
e:\4 курс\системное программирование\consoleapplication1(2 часть)\consoleapplication1(2 часть)\x64\debug\consoleapplication1(2 часть).ilk
e:\4 курс\системное программирование\consoleapplication1(2 часть)\x64\debug\consoleapplication1(2 часть).pdb
e:\4 курс\системное программирование\consoleapplication1(2 часть)\x64\debug\consoleapplication1(2 часть).exe
e:\4 курс\системное программирование\consoleapplication1(2 часть)\consoleapplication1(2 часть)\x64\debug\consolea.69f7c6f3.tlog\cl.read.1.tlog
e:\4 курс\системное программирование\consoleapplication1(2 часть)\consoleapplication1(2 часть)\x64\debug\consolea.69f7c6f3.tlog\cl.write.1.tlog
e:\4 курс\системное программирование\consoleapplication1(2 часть)\consoleapplication1(2 часть)\x64\debug\consolea.69f7c6f3.tlog\cl.command.1.tlog
e:\4 курс\системное программирование\consoleapplication1(2 часть)\consoleapplication1(2 часть)\x64\debug\consolea.69f7c6f3.tlog\link.read.2.tlog
e:\4 курс\системное программирование\consoleapplication1(2 часть)\consoleapplication1(2 часть)\x64\debug\consolea.69f7c6f3.tlog\link.write.1.tlog
e:\4 курс\системное программирование\consoleapplication1(2 часть)\consoleapplication1(2 часть)\x64\debug\consolea.69f7c6f3.tlog\link.secondary.1.tlog
e:\4 курс\системное программирование\consoleapplication1(2 часть)\consoleapplication1(2 часть)\x64\debug\consolea.69f7c6f3.tlog\link.command.1.tlog
e:\4 курс\системное программирование\consoleapplication1(2 часть)\consoleapplication1(2 часть)\x64\debug\consolea.69f7c6f3.tlog\cl.items.tlog
e:\4 курс\системное программирование\consoleapplication1(2 часть)\consoleapplication1(2 часть)\x64\debug\consolea.69f7c6f3.tlog\link.read.1.tlog
